  audio.c
C:\Users\jakea\OneDrive\Escritorio\Space-Impact-II\Space-Impact-II\audio.c(15,82): warning C4244: '+=': conversión de 'double' a 'Sint16'; posible pérdida de datos
C:\Users\jakea\OneDrive\Escritorio\Space-Impact-II\Space-Impact-II\audio.c(22,11): warning C4013: 'memset' sin definir; se supone que extern devuelve como resultado int
  enemies.c
C:\Users\jakea\OneDrive\Escritorio\Space-Impact-II\Space-Impact-II\enemies.c(163,50): warning C4244: '=': conversión de 'Sint16' a 'Uint8'; posible pérdida de datos
C:\Users\jakea\OneDrive\Escritorio\Space-Impact-II\Space-Impact-II\enemies.c(157,1): warning C4244: 'inicializando': conversión de 'Sint16' a 'Uint8'; posible pérdida de datos
  font.c
C:\Users\jakea\OneDrive\Escritorio\Space-Impact-II\Space-Impact-II\font.c(43,15): warning C4013: 'memcpy' sin definir; se supone que extern devuelve como resultado int
  graphics.c
C:\Users\jakea\OneDrive\Escritorio\Space-Impact-II\Space-Impact-II\graphics.c(88,1): warning C4244: 'inicializando': conversión de 'Sint16' a 'Sint8'; posible pérdida de datos
C:\Users\jakea\OneDrive\Escritorio\Space-Impact-II\Space-Impact-II\graphics.c(174,11): warning C4013: 'memcpy' sin definir; se supone que extern devuelve como resultado int
  main.c
C:\Users\jakea\OneDrive\Escritorio\Space-Impact-II\Space-Impact-II\main.c(68,11): warning C4013: 'memset' sin definir; se supone que extern devuelve como resultado int
C:\Users\jakea\OneDrive\Escritorio\Space-Impact-II\Space-Impact-II\main.c(102,19): warning C4013: 'strcmp' sin definir; se supone que extern devuelve como resultado int
C:\Users\jakea\OneDrive\Escritorio\Space-Impact-II\Space-Impact-II\main.c(106,21): warning C4244: 'función': conversión de 'time_t' a 'unsigned int'; posible pérdida de datos
  saves.c
C:\Users\jakea\OneDrive\Escritorio\Space-Impact-II\Space-Impact-II\saves.c(57,9): warning C4013: 'itoa' sin definir; se supone que extern devuelve como resultado int
C:\Users\jakea\OneDrive\Escritorio\Space-Impact-II\Space-Impact-II\saves.c(58,11): warning C4013: 'strcat' sin definir; se supone que extern devuelve como resultado int
  scenery.c
  shotlist.c
  Generando código...
     Creando biblioteca C:\Users\jakea\OneDrive\Escritorio\Space-Impact-II\Debug\Space-Impact-II.lib y objeto C:\Users\jakea\OneDrive\Escritorio\Space-Impact-II\Debug\Space-Impact-II.exp
  Space-Impact-II.vcxproj -> C:\Users\jakea\OneDrive\Escritorio\Space-Impact-II\Debug\Space-Impact-II.exe
